This is pdfTeX, Version 3.141592653-2.6-1.40.24 (MiKTeX 22.3) (preloaded format=pdflatex 2022.3.27)  23 MAY 2024 13:10
entering extended mode
 restricted \write18 enabled.
 %&-line parsing enabled.
**"./Jakubowski - USWB Projekt.tex"
(Jakubowski - USWB Projekt.tex
LaTeX2e <2021-11-15> patch level 1
L3 programming layer <2022-02-24>
(C:\Users\48788\AppData\Local\Programs\MiKTeX\tex/latex/base\article.cls
Document Class: article 2021/10/04 v1.4n Standard LaTeX document class
(C:\Users\48788\AppData\Local\Programs\MiKTeX\tex/latex/base\size12.clo
File: size12.clo 2021/10/04 v1.4n Standard LaTeX file (size option)
)
\c@part=\count185
\c@section=\count186
\c@subsection=\count187
\c@subsubsection=\count188
\c@paragraph=\count189
\c@subparagraph=\count190
\c@figure=\count191
\c@table=\count192
\abovecaptionskip=\skip47
\belowcaptionskip=\skip48
\bibindent=\dimen138
)
(C:\Users\48788\AppData\Local\Programs\MiKTeX\tex/latex/polski\polski.sty
Package: polski 2021/08/25 v1.3.6 Polish language package

   Switching to Polish text encoding and Polish maths fonts.
(C:\Users\48788\AppData\Local\Programs\MiKTeX\tex/latex/base\ot4enc.def
File: ot4enc.def 2021/04/29 v2.0v Standard LaTeX file
Now handling font encoding OT4 ...
... no UTF-8 mapping file for font encoding OT4
)
LaTeX Font Info:    Trying to load font information for OT4+cmr on input line 3
62.

(C:\Users\48788\AppData\Local\Programs\MiKTeX\tex/latex/polski\ot4cmr.fd
File: ot4cmr.fd 2008/02/24 v1.2.1 Font defs for fonts PL (MW)
)
LaTeX Font Info:    Overwriting math alphabet `\mathbf' in version `normal'
(Font)                  OT1/cmr/bx/n --> OT4/cmr/bx/n on input line 362.
LaTeX Font Info:    Overwriting math alphabet `\mathsf' in version `normal'
(Font)                  OT1/cmss/m/n --> OT4/cmss/m/n on input line 362.
LaTeX Font Info:    Overwriting math alphabet `\mathit' in version `normal'
(Font)                  OT1/cmr/m/it --> OT4/cmr/m/it on input line 362.
LaTeX Font Info:    Overwriting math alphabet `\mathtt' in version `normal'
(Font)                  OT1/cmtt/m/n --> OT4/cmtt/m/n on input line 362.
LaTeX Font Info:    Overwriting math alphabet `\mathsf' in version `bold'
(Font)                  OT1/cmss/bx/n --> OT4/cmss/bx/n on input line 362.
LaTeX Font Info:    Overwriting math alphabet `\mathit' in version `bold'
(Font)                  OT1/cmr/bx/it --> OT4/cmr/bx/it on input line 362.
LaTeX Font Info:    Encoding `OT1' has changed to `OT4' for symbol font
(Font)              `operators' in the math version `normal' on input line 362.

LaTeX Font Info:    Overwriting symbol font `operators' in version `normal'
(Font)                  OT1/cmr/m/n --> OT4/cmr/m/n on input line 362.
LaTeX Font Info:    Overwriting symbol font `letters' in version `normal'
(Font)                  OML/cmm/m/it --> OML/plm/m/it on input line 362.
LaTeX Font Info:    Overwriting symbol font `symbols' in version `normal'
(Font)                  OMS/cmsy/m/n --> OMS/plsy/m/n on input line 362.
LaTeX Font Info:    Overwriting symbol font `largesymbols' in version `normal'
(Font)                  OMX/cmex/m/n --> OMX/plex/m/n on input line 362.
LaTeX Font Info:    Encoding `OT1' has changed to `OT4' for symbol font
(Font)              `operators' in the math version `bold' on input line 362.
LaTeX Font Info:    Overwriting symbol font `operators' in version `bold'
(Font)                  OT1/cmr/bx/n --> OT4/cmr/bx/n on input line 362.
LaTeX Font Info:    Overwriting symbol font `letters' in version `bold'
(Font)                  OML/cmm/b/it --> OML/plm/b/it on input line 362.
LaTeX Font Info:    Overwriting symbol font `symbols' in version `bold'
(Font)                  OMS/cmsy/b/n --> OMS/plsy/b/n on input line 362.
)
(C:\Users\48788\AppData\Local\Programs\MiKTeX\tex/latex/base\inputenc.sty
Package: inputenc 2021/02/14 v1.3d Input encoding file
\inpenc@prehook=\toks16
\inpenc@posthook=\toks17

(C:\Users\48788\AppData\Local\Programs\MiKTeX\tex/latex/base\cp1250.def
File: cp1250.def 2021/02/14 v1.3d Input encoding file
))
(C:\Users\48788\AppData\Local\Programs\MiKTeX\tex/latex/graphics\graphicx.sty
Package: graphicx 2021/09/16 v1.2d Enhanced LaTeX Graphics (DPC,SPQR)

(C:\Users\48788\AppData\Local\Programs\MiKTeX\tex/latex/graphics\keyval.sty
Package: keyval 2014/10/28 v1.15 key=value parser (DPC)
\KV@toks@=\toks18
)
(C:\Users\48788\AppData\Local\Programs\MiKTeX\tex/latex/graphics\graphics.sty
Package: graphics 2021/03/04 v1.4d Standard LaTeX Graphics (DPC,SPQR)

(C:\Users\48788\AppData\Local\Programs\MiKTeX\tex/latex/graphics\trig.sty
Package: trig 2021/08/11 v1.11 sin cos tan (DPC)
)
(C:\Users\48788\AppData\Local\Programs\MiKTeX\tex/latex/graphics-cfg\graphics.c
fg
File: graphics.cfg 2016/06/04 v1.11 sample graphics configuration
)
Package graphics Info: Driver file: pdftex.def on input line 107.

(C:\Users\48788\AppData\Local\Programs\MiKTeX\tex/latex/graphics-def\pdftex.def
File: pdftex.def 2020/10/05 v1.2a Graphics/color driver for pdftex
))
\Gin@req@height=\dimen139
\Gin@req@width=\dimen140
) (C:\Users\48788\AppData\Local\Programs\MiKTeX\tex/latex/xlop\xlop.sty
Package: xlop 2020/04/26 package wrapper for xlop.tex

(C:\Users\48788\AppData\Local\Programs\MiKTeX\tex/generic/xlop\xlop.tex
\op@count@z=\count193
\op@count@i=\count194
\op@count@ii=\count195
\op@count@iii=\count196
\op@count@iv=\count197
\op@count@v=\count198
\op@count@vi=\count199
\op@nbop=\count266
\op@currentstyle=\toks19

`xlop' v0.28  <2020/11/11> (jcc)
\opcolumnwidth=\dimen141
\oplineheight=\dimen142
\op@strutbox=\box50
\op@decimalsepwidth=\dimen143
\op@decimalsepoffset=\dimen144
\op@hrulewidth=\dimen145
\op@vrulewidth=\dimen146
\op@parenthesis=\count267
\op@token=\count268
\op@stack=\count269
\op@stackb=\count270
))
(C:\Users\48788\AppData\Local\Programs\MiKTeX\tex/latex/algorithms\algorithm.st
y
Package: algorithm 2009/08/24 v0.1 Document Style `algorithm' - floating enviro
nment
 (C:\Users\48788\AppData\Local\Programs\MiKTeX\tex/latex/float\float.sty
Package: float 2001/11/08 v1.3d Float enhancements (AL)
\c@float@type=\count271
\float@exts=\toks20
\float@box=\box51
\@float@everytoks=\toks21
\@floatcapt=\box52
)
(C:\Users\48788\AppData\Local\Programs\MiKTeX\tex/latex/base\ifthen.sty
Package: ifthen 2020/11/24 v1.1c Standard LaTeX ifthen package (DPC)
)
\@float@every@algorithm=\toks22
\c@algorithm=\count272
)
(C:\Users\48788\AppData\Local\Programs\MiKTeX\tex/latex/algorithmicx\algpseudoc
ode.sty
Package: algpseudocode 

(C:\Users\48788\AppData\Local\Programs\MiKTeX\tex/latex/algorithmicx\algorithmi
cx.sty
Package: algorithmicx 2005/04/27 v1.2 Algorithmicx

Document Style algorithmicx 1.2 - a greatly improved `algorithmic' style
\c@ALG@line=\count273
\c@ALG@rem=\count274
\c@ALG@nested=\count275
\ALG@tlm=\skip49
\ALG@thistlm=\skip50
\c@ALG@Lnr=\count276
\c@ALG@blocknr=\count277
\c@ALG@storecount=\count278
\c@ALG@tmpcounter=\count279
\ALG@tmplength=\skip51
)
Document Style - pseudocode environments for use with the `algorithmicx' style
) (C:\Users\48788\AppData\Local\Programs\MiKTeX\tex/latex/amsmath\amsmath.sty
Package: amsmath 2021/10/15 v2.17l AMS math features
\@mathmargin=\skip52

For additional information on amsmath, use the `?' option.
(C:\Users\48788\AppData\Local\Programs\MiKTeX\tex/latex/amsmath\amstext.sty
Package: amstext 2021/08/26 v2.01 AMS text

(C:\Users\48788\AppData\Local\Programs\MiKTeX\tex/latex/amsmath\amsgen.sty
File: amsgen.sty 1999/11/30 v2.0 generic functions
\@emptytoks=\toks23
\ex@=\dimen147
))
(C:\Users\48788\AppData\Local\Programs\MiKTeX\tex/latex/amsmath\amsbsy.sty
Package: amsbsy 1999/11/29 v1.2d Bold Symbols
\pmbraise@=\dimen148
)
(C:\Users\48788\AppData\Local\Programs\MiKTeX\tex/latex/amsmath\amsopn.sty
Package: amsopn 2021/08/26 v2.02 operator names
)
\inf@bad=\count280
LaTeX Info: Redefining \frac on input line 234.
\uproot@=\count281
\leftroot@=\count282
LaTeX Info: Redefining \overline on input line 399.
\classnum@=\count283
\DOTSCASE@=\count284
LaTeX Info: Redefining \ldots on input line 496.
LaTeX Info: Redefining \dots on input line 499.
LaTeX Info: Redefining \cdots on input line 620.
\Mathstrutbox@=\box53
\strutbox@=\box54
\big@size=\dimen149
LaTeX Font Info:    Redeclaring font encoding OML on input line 743.
LaTeX Font Info:    Redeclaring font encoding OMS on input line 744.
\macc@depth=\count285
\c@MaxMatrixCols=\count286
\dotsspace@=\muskip16
\c@parentequation=\count287
\dspbrk@lvl=\count288
\tag@help=\toks24
\row@=\count289
\column@=\count290
\maxfields@=\count291
\andhelp@=\toks25
\eqnshift@=\dimen150
\alignsep@=\dimen151
\tagshift@=\dimen152
\tagwidth@=\dimen153
\totwidth@=\dimen154
\lineht@=\dimen155
\@envbody=\toks26
\multlinegap=\skip53
\multlinetaggap=\skip54
\mathdisplay@stack=\toks27
LaTeX Info: Redefining \[ on input line 2938.
LaTeX Info: Redefining \] on input line 2939.
)
(C:\Users\48788\AppData\Local\Programs\MiKTeX\tex/latex/amsfonts\amssymb.sty
Package: amssymb 2013/01/14 v3.01 AMS font symbols

(C:\Users\48788\AppData\Local\Programs\MiKTeX\tex/latex/amsfonts\amsfonts.sty
Package: amsfonts 2013/01/14 v3.01 Basic AMSFonts support
\symAMSa=\mathgroup4
\symAMSb=\mathgroup5
LaTeX Font Info:    Redeclaring math symbol \hbar on input line 98.
LaTeX Font Info:    Overwriting math alphabet `\mathfrak' in version `bold'
(Font)                  U/euf/m/n --> U/euf/b/n on input line 106.
)) (C:\Users\48788\AppData\Local\Programs\MiKTeX\tex/latex/fancyhdr\fancyhdr.st
y
Package: fancyhdr 2022/05/18 v4.0.3 Extensive control of page headers and foote
rs
\f@nch@headwidth=\skip55
\f@nch@O@elh=\skip56
\f@nch@O@erh=\skip57
\f@nch@O@olh=\skip58
\f@nch@O@orh=\skip59
\f@nch@O@elf=\skip60
\f@nch@O@erf=\skip61
\f@nch@O@olf=\skip62
\f@nch@O@orf=\skip63
) (C:\Users\48788\AppData\Local\Programs\MiKTeX\tex/latex/tools\array.sty
Package: array 2021/10/04 v2.5f Tabular extension package (FMi)
\col@sep=\dimen156
\ar@mcellbox=\box55
\extrarowheight=\dimen157
\NC@list=\toks28
\extratabsurround=\skip64
\backup@length=\skip65
\ar@cellbox=\box56
)
(C:\Users\48788\AppData\Local\Programs\MiKTeX\tex/latex/setspace\setspace.sty
Package: setspace 2011/12/19 v6.7a set line spacing
)
(C:\Users\48788\AppData\Local\Programs\MiKTeX\tex/latex/geometry\geometry.sty
Package: geometry 2020/01/02 v5.9 Page Geometry

(C:\Users\48788\AppData\Local\Programs\MiKTeX\tex/generic/iftex\ifvtex.sty
Package: ifvtex 2019/10/25 v1.7 ifvtex legacy package. Use iftex instead.

(C:\Users\48788\AppData\Local\Programs\MiKTeX\tex/generic/iftex\iftex.sty
Package: iftex 2022/02/03 v1.0f TeX engine tests
))
\Gm@cnth=\count292
\Gm@cntv=\count293
\c@Gm@tempcnt=\count294
\Gm@bindingoffset=\dimen158
\Gm@wd@mp=\dimen159
\Gm@odd@mp=\dimen160
\Gm@even@mp=\dimen161
\Gm@layoutwidth=\dimen162
\Gm@layoutheight=\dimen163
\Gm@layouthoffset=\dimen164
\Gm@layoutvoffset=\dimen165
\Gm@dimlist=\toks29

(C:\Users\48788\AppData\Local\Programs\MiKTeX\tex/latex/geometry\geometry.cfg))
(C:\Users\48788\AppData\Local\Programs\MiKTeX\tex/latex/url\url.sty
\Urlmuskip=\muskip17
Package: url 2013/09/16  ver 3.4  Verb mode for urls, etc.
)
(C:\Users\48788\AppData\Local\Programs\MiKTeX\tex/latex/lipsum\lipsum.sty
(C:\Users\48788\AppData\Local\Programs\MiKTeX\tex/latex/l3packages/l3keys2e\l3k
eys2e.sty
(C:\Users\48788\AppData\Local\Programs\MiKTeX\tex/latex/l3kernel\expl3.sty
Package: expl3 2022-02-24 L3 programming layer (loader) 

(C:\Users\48788\AppData\Local\Programs\MiKTeX\tex/latex/l3backend\l3backend-pdf
tex.def
File: l3backend-pdftex.def 2022-02-07 L3 backend support: PDF output (pdfTeX)
\l__color_backend_stack_int=\count295
\l__pdf_internal_box=\box57
))
Package: l3keys2e 2022-01-12 LaTeX2e option processing using LaTeX3 keys
)
Package: lipsum 2021-09-20 v2.7 150 paragraphs of Lorem Ipsum dummy text
\g__lipsum_par_int=\count296
\l__lipsum_a_int=\count297
\l__lipsum_b_int=\count298

(C:\Users\48788\AppData\Local\Programs\MiKTeX\tex/latex/lipsum\lipsum.ltd.tex))
(C:\Users\48788\AppData\Local\Programs\MiKTeX\tex/latex/xcolor\xcolor.sty
Package: xcolor 2021/10/31 v2.13 LaTeX color extensions (UK)

(C:\Users\48788\AppData\Local\Programs\MiKTeX\tex/latex/graphics-cfg\color.cfg
File: color.cfg 2016/01/02 v1.6 sample color configuration
)
Package xcolor Info: Driver file: pdftex.def on input line 227.
Package xcolor Info: Model `cmy' substituted by `cmy0' on input line 1352.
Package xcolor Info: Model `hsb' substituted by `rgb' on input line 1356.
Package xcolor Info: Model `RGB' extended on input line 1368.
Package xcolor Info: Model `HTML' substituted by `rgb' on input line 1370.
Package xcolor Info: Model `Hsb' substituted by `hsb' on input line 1371.
Package xcolor Info: Model `tHsb' substituted by `hsb' on input line 1372.
Package xcolor Info: Model `HSB' substituted by `hsb' on input line 1373.
Package xcolor Info: Model `Gray' substituted by `gray' on input line 1374.
Package xcolor Info: Model `wave' substituted by `hsb' on input line 1375.
) (Jakubowski - USWB Projekt.aux)
\openout1 = `"Jakubowski - USWB Projekt.aux"'.

LaTeX Font Info:    Checking defaults for OML/cmm/m/it on input line 19.
LaTeX Font Info:    ... okay on input line 19.
LaTeX Font Info:    Checking defaults for OMS/cmsy/m/n on input line 19.
LaTeX Font Info:    ... okay on input line 19.
LaTeX Font Info:    Checking defaults for OT1/cmr/m/n on input line 19.
LaTeX Font Info:    ... okay on input line 19.
LaTeX Font Info:    Checking defaults for T1/cmr/m/n on input line 19.
LaTeX Font Info:    ... okay on input line 19.
LaTeX Font Info:    Checking defaults for TS1/cmr/m/n on input line 19.
LaTeX Font Info:    ... okay on input line 19.
LaTeX Font Info:    Checking defaults for OMX/cmex/m/n on input line 19.
LaTeX Font Info:    ... okay on input line 19.
LaTeX Font Info:    Checking defaults for U/cmr/m/n on input line 19.
LaTeX Font Info:    ... okay on input line 19.
LaTeX Font Info:    Checking defaults for OT4/cmr/m/n on input line 19.
LaTeX Font Info:    ... okay on input line 19.

(C:\Users\48788\AppData\Local\Programs\MiKTeX\tex/context/base/mkii\supp-pdf.mk
ii
[Loading MPS to PDF converter (version 2006.09.02).]
\scratchcounter=\count299
\scratchdimen=\dimen166
\scratchbox=\box58
\nofMPsegments=\count300
\nofMParguments=\count301
\everyMPshowfont=\toks30
\MPscratchCnt=\count302
\MPscratchDim=\dimen167
\MPnumerator=\count303
\makeMPintoPDFobject=\count304
\everyMPtoPDFconversion=\toks31
)
(C:\Users\48788\AppData\Local\Programs\MiKTeX\tex/latex/epstopdf-pkg\epstopdf-b
ase.sty
Package: epstopdf-base 2020-01-24 v2.11 Base part for package epstopdf
Package epstopdf-base Info: Redefining graphics rule for `.eps' on input line 4
85.

(C:\Users\48788\AppData\Local\Programs\MiKTeX\tex/latex/00miktex\epstopdf-sys.c
fg
File: epstopdf-sys.cfg 2021/03/18 v2.0 Configuration of epstopdf for MiKTeX
))
*geometry* driver: auto-detecting
*geometry* detected driver: pdftex
*geometry* verbose mode - [ preamble ] result:
* driver: pdftex
* paper: a4paper
* layout: <same size as paper>
* layoutoffset:(h,v)=(0.0pt,0.0pt)
* modes: 
* h-part:(L,W,R)=(85.35826pt, 441.01773pt, 71.13188pt)
* v-part:(T,H,B)=(71.13188pt, 702.78308pt, 71.13188pt)
* \paperwidth=597.50787pt
* \paperheight=845.04684pt
* \textwidth=441.01773pt
* \textheight=702.78308pt
* \oddsidemargin=13.08827pt
* \evensidemargin=13.08827pt
* \topmargin=-38.1381pt
* \headheight=12.0pt
* \headsep=25.0pt
* \topskip=12.0pt
* \footskip=30.0pt
* \marginparwidth=44.0pt
* \marginparsep=10.0pt
* \columnsep=10.0pt
* \skip\footins=10.8pt plus 4.0pt minus 2.0pt
* \hoffset=0.0pt
* \voffset=0.0pt
* \mag=1000
* \@twocolumnfalse
* \@twosidefalse
* \@mparswitchfalse
* \@reversemarginfalse
* (1in=72.27pt=25.4mm, 1cm=28.453pt)

<./images/logo.jpg, id=1, 64.0794pt x 123.8226pt>
File: ./images/logo.jpg Graphic file (type jpg)
<use ./images/logo.jpg>
Package pdftex.def Info: ./images/logo.jpg  used on input line 23.
(pdftex.def)             Requested size: 44.10446pt x 85.22417pt.
[1

{C:/Users/48788/AppData/Local/MiKTeX/fonts/map/pdftex/pdftex.map} <./images/log
o.jpg>] (Jakubowski - USWB Projekt.toc
LaTeX Font Info:    Trying to load font information for OML+plm on input line 3
.

(C:\Users\48788\AppData\Local\Programs\MiKTeX\tex/latex/polski\omlplm.fd
File: omlplm.fd 2008/02/24 v1.2.1 Font defs for fonts PL (MW)
)
LaTeX Font Info:    Trying to load font information for OMS+plsy on input line 
3.

(C:\Users\48788\AppData\Local\Programs\MiKTeX\tex/latex/polski\omsplsy.fd
File: omsplsy.fd 2008/02/24 v1.2.1 Font defs for fonts PL (MW)
)
LaTeX Font Info:    Trying to load font information for OMX+plex on input line 
3.

(C:\Users\48788\AppData\Local\Programs\MiKTeX\tex/latex/polski\omxplex.fd
File: omxplex.fd 2008/02/24 v1.2.1 Font defs for fonts PL (MW)
)
LaTeX Font Info:    External font `plex10' loaded for size
(Font)              <12> on input line 3.
LaTeX Font Info:    External font `plex10' loaded for size
(Font)              <8> on input line 3.
LaTeX Font Info:    External font `plex10' loaded for size
(Font)              <6> on input line 3.
LaTeX Font Info:    Trying to load font information for U+msa on input line 3.

(C:\Users\48788\AppData\Local\Programs\MiKTeX\tex/latex/amsfonts\umsa.fd
File: umsa.fd 2013/01/14 v3.01 AMS symbols A
)
LaTeX Font Info:    Trying to load font information for U+msb on input line 3.

(C:\Users\48788\AppData\Local\Programs\MiKTeX\tex/latex/amsfonts\umsb.fd
File: umsb.fd 2013/01/14 v3.01 AMS symbols B
))
\tf@toc=\write3
\openout3 = `"Jakubowski - USWB Projekt.toc"'.


[1]
Overfull \hbox (1.75684pt too wide) in paragraph at lines 49--49
\OT4/cmr/m/n/12 pro-jekt, mo-gli-±my si¦ zde-cy-do-wa¢ na pra-c¦ ma-j¡c do wy-b
o-ru utwo-rze-nie/przetestowanie
 []

[2]
<./images//tkinter.jpeg, id=16, 376.40625pt x 423.5825pt>
File: ./images//tkinter.jpeg Graphic file (type jpg)
<use ./images//tkinter.jpeg>
Package pdftex.def Info: ./images//tkinter.jpeg  used on input line 62.
(pdftex.def)             Requested size: 220.50887pt x 248.15347pt.
 [3 <./images//tkinter.jpeg>]
<./images//menu.png, id=20, 1341.51187pt x 684.30656pt>
File: ./images//menu.png Graphic file (type png)
<use ./images//menu.png>
Package pdftex.def Info: ./images//menu.png  used on input line 86.
(pdftex.def)             Requested size: 396.91325pt x 202.46385pt.


LaTeX Warning: `h' float specifier changed to `ht'.

[4]
<./images//wprowadzanie_nazwy_zestawu.png, id=26, 1330.9725pt x 591.71063pt>
File: ./images//wprowadzanie_nazwy_zestawu.png Graphic file (type png)
<use ./images//wprowadzanie_nazwy_zestawu.png>
Package pdftex.def Info: ./images//wprowadzanie_nazwy_zestawu.png  used on inpu
t line 99.
(pdftex.def)             Requested size: 396.91325pt x 176.44916pt.
<./images//nazwa_wprowadzona.png, id=27, 1321.18594pt x 555.57562pt>
File: ./images//nazwa_wprowadzona.png Graphic file (type png)
<use ./images//nazwa_wprowadzona.png>
Package pdftex.def Info: ./images//nazwa_wprowadzona.png  used on input line 10
5.
(pdftex.def)             Requested size: 396.91325pt x 166.90285pt.


LaTeX Warning: `h' float specifier changed to `ht'.

[5 <./images//menu.png> <./images//wprowadzanie_nazwy_zestawu.png>]
<./images//wprowadzanie_pojec.png, id=33, 1324.95pt x 565.36218pt>
File: ./images//wprowadzanie_pojec.png Graphic file (type png)
<use ./images//wprowadzanie_pojec.png>
Package pdftex.def Info: ./images//wprowadzanie_pojec.png  used on input line 1
17.
(pdftex.def)             Requested size: 396.91325pt x 169.35979pt.
<./images//wprowadzone_pojecia.png, id=34, 1105.12875pt x 662.475pt>
File: ./images//wprowadzone_pojecia.png Graphic file (type png)
<use ./images//wprowadzone_pojecia.png>
Package pdftex.def Info: ./images//wprowadzone_pojecia.png  used on input line 
123.
(pdftex.def)             Requested size: 396.91325pt x 237.92474pt.


LaTeX Warning: `h' float specifier changed to `ht'.

[6 <./images//nazwa_wprowadzona.png> <./images//wprowadzanie_pojec.png>]
<./images//wybor_zestawu.png, id=41, 1063.5735pt x 578.76225pt>
File: ./images//wybor_zestawu.png Graphic file (type png)
<use ./images//wybor_zestawu.png>
Package pdftex.def Info: ./images//wybor_zestawu.png  used on input line 138.
(pdftex.def)             Requested size: 396.91325pt x 215.98439pt.


LaTeX Warning: `h' float specifier changed to `ht'.

<./images//dodawanie_pojecia.png, id=42, 1067.187pt x 570.33075pt>
File: ./images//dodawanie_pojecia.png Graphic file (type png)
<use ./images//dodawanie_pojecia.png>
Package pdftex.def Info: ./images//dodawanie_pojecia.png  used on input line 14
4.
(pdftex.def)             Requested size: 396.91325pt x 212.12428pt.

LaTeX Warning: `h' float specifier changed to `ht'.

[7 <./images//wprowadzone_pojecia.png>]
<./images//wybor_usuwanie.png, id=47, 1069.596pt x 483.60675pt>
File: ./images//wybor_usuwanie.png Graphic file (type png)
<use ./images//wybor_usuwanie.png>
Package pdftex.def Info: ./images//wybor_usuwanie.png  used on input line 160.
(pdftex.def)             Requested size: 396.91325pt x 179.463pt.


LaTeX Warning: `h' float specifier changed to `ht'.

<./images//usuwanie_zestawu.png, id=48, 1067.187pt x 569.12625pt>
File: ./images//usuwanie_zestawu.png Graphic file (type png)
<use ./images//usuwanie_zestawu.png>
Package pdftex.def Info: ./images//usuwanie_zestawu.png  used on input line 172
.
(pdftex.def)             Requested size: 396.91325pt x 211.6763pt.

LaTeX Warning: `h' float specifier changed to `ht'.

<./images//usunieto_zestaw.png, id=49, 257.763pt x 112.0185pt>
File: ./images//usunieto_zestaw.png Graphic file (type png)
<use ./images//usunieto_zestaw.png>
Package pdftex.def Info: ./images//usunieto_zestaw.png  used on input line 178.

(pdftex.def)             Requested size: 396.91325pt x 172.49702pt.

LaTeX Warning: `h' float specifier changed to `ht'.

[8 <./images//wybor_zestawu.png>]
<./images//pojecia_do_usuniecia.png, id=54, 1330.9725pt x 708.39656pt>
File: ./images//pojecia_do_usuniecia.png Graphic file (type png)
<use ./images//pojecia_do_usuniecia.png>
Package pdftex.def Info: ./images//pojecia_do_usuniecia.png  used on input line
 191.
(pdftex.def)             Requested size: 396.91325pt x 211.2451pt.


LaTeX Warning: `h' float specifier changed to `ht'.

[9 <./images//dodawanie_pojecia.png> <./images//wybor_usuwanie.png>] [10 <./ima
ges//usuwanie_zestawu.png> <./images//usunieto_zestaw.png>]
<./images//fiszka_przod.png, id=65, 1140.05925pt x 597.432pt>
File: ./images//fiszka_przod.png Graphic file (type png)
<use ./images//fiszka_przod.png>
Package pdftex.def Info: ./images//fiszka_przod.png  used on input line 206.
(pdftex.def)             Requested size: 396.91325pt x 208.00128pt.


LaTeX Warning: `h' float specifier changed to `ht'.

<./images//fiszka_tyl.png, id=66, 1142.46825pt x 594.42075pt>
File: ./images//fiszka_tyl.png Graphic file (type png)
<use ./images//fiszka_tyl.png>
Package pdftex.def Info: ./images//fiszka_tyl.png  used on input line 212.
(pdftex.def)             Requested size: 396.91325pt x 206.50845pt.

LaTeX Warning: `h' float specifier changed to `ht'.

<./images//fiszki_przebieg.png, id=67, 1136.44576pt x 592.01175pt>
File: ./images//fiszki_przebieg.png Graphic file (type png)
<use ./images//fiszki_przebieg.png>
Package pdftex.def Info: ./images//fiszki_przebieg.png  used on input line 221.

(pdftex.def)             Requested size: 396.91325pt x 206.76457pt.

LaTeX Warning: `h' float specifier changed to `ht'.

<./images//wynik_fiszek.png, id=68, 144.54pt x 121.05225pt>
File: ./images//wynik_fiszek.png Graphic file (type png)
<use ./images//wynik_fiszek.png>
Package pdftex.def Info: ./images//wynik_fiszek.png  used on input line 229.
(pdftex.def)             Requested size: 396.91325pt x 332.4329pt.

LaTeX Warning: `h' float specifier changed to `ht'.

[11 <./images//pojecia_do_usuniecia.png>]
<./images//quiz.png, id=73, 1068.99374pt x 587.19376pt>
File: ./images//quiz.png Graphic file (type png)
<use ./images//quiz.png>
Package pdftex.def Info: ./images//quiz.png  used on input line 244.
(pdftex.def)             Requested size: 396.91325pt x 218.01987pt.


LaTeX Warning: `h' float specifier changed to `ht'.

[12 <./images//fiszka_przod.png>]
<./images//quiz_poprawnie.png, id=79, 1065.9825pt x 594.42075pt>
File: ./images//quiz_poprawnie.png Graphic file (type png)
<use ./images//quiz_poprawnie.png>
Package pdftex.def Info: ./images//quiz_poprawnie.png  used on input line 252.
(pdftex.def)             Requested size: 396.91325pt x 221.32903pt.


LaTeX Warning: `h' float specifier changed to `ht'.

<./images//quiz_niepoprawnie.png, id=80, 1073.2095pt x 589.0005pt>
File: ./images//quiz_niepoprawnie.png Graphic file (type png)
<use ./images//quiz_niepoprawnie.png>
Package pdftex.def Info: ./images//quiz_niepoprawnie.png  used on input line 25
9.
(pdftex.def)             Requested size: 308.71106pt x 169.4217pt.

LaTeX Warning: `h' float specifier changed to `ht'.

<./images//quiz_summary.png, id=81, 1079.232pt x 525.76425pt>
File: ./images//quiz_summary.png Graphic file (type png)
<use ./images//quiz_summary.png>
Package pdftex.def Info: ./images//quiz_summary.png  used on input line 267.
(pdftex.def)             Requested size: 396.91325pt x 193.35843pt.

LaTeX Warning: `h' float specifier changed to `ht'.

[13 <./images//fiszka_tyl.png>] [14 <./images//fiszki_przebieg.png>] [15 <./ima
ges//wynik_fiszek.png>]
LaTeX Font Info:    Trying to load font information for OT4+cmtt on input line 
291.

(C:\Users\48788\AppData\Local\Programs\MiKTeX\tex/latex/polski\ot4cmtt.fd
File: ot4cmtt.fd 2008/02/24 v1.2.1 Font defs for fonts PL (MW)
)
[16 <./images//quiz.png>] [17 <./images//quiz_poprawnie.png> <./images//quiz_ni
epoprawnie.png> <./images//quiz_summary.png>] (Jakubowski - USWB Projekt.aux) )
 
Here is how much of TeX's memory you used:
 6248 strings out of 478582
 101369 string characters out of 2844344
 496535 words of memory out of 3000000
 24320 multiletter control sequences out of 15000+600000
 479689 words of font info for 56 fonts, out of 8000000 for 9000
 1141 hyphenation exceptions out of 8191
 68i,8n,77p,998b,260s stack positions out of 10000i,1000n,20000p,200000b,80000s
{C:/Users/48788/AppData/Local/Programs/MiKTeX/fonts/enc/dvips/pl/plitt.enc} <C:
\Users\48788\AppData\Local\MiKTeX\fonts/pk/ljfour/jknappen/ec/dpi600\tcrm1200.p
k>{C:/Users/48788/AppData/Local/Programs/MiKTeX/fonts/enc/dvips/pl/plrm.enc}{C:
/Users/48788/AppData/Local/Programs/MiKTeX/fonts/enc/dvips/pl/plsc.enc}<C:/User
s/48788/AppData/Local/Programs/MiKTeX/fonts/type1/public/pl/plbx12.pfb><C:/User
s/48788/AppData/Local/Programs/MiKTeX/fonts/type1/public/pl/plcsc10.pfb><C:/Use
rs/48788/AppData/Local/Programs/MiKTeX/fonts/type1/public/pl/plitt10.pfb><C:/Us
ers/48788/AppData/Local/Programs/MiKTeX/fonts/type1/public/pl/plr12.pfb><C:/Use
rs/48788/AppData/Local/Programs/MiKTeX/fonts/type1/public/pl/plr17.pfb>
Output written on "Jakubowski - USWB Projekt.pdf" (18 pages, 1577446 bytes).
PDF statistics:
 134 PDF objects out of 1000 (max. 8388607)
 0 named destinations out of 1000 (max. 500000)
 106 words of extra memory for PDF output out of 10000 (max. 10000000)

